<?xml version="1.0" encoding="UTF-8"?>
<!-- Generated by org.testng.reporters.JUnitReportReporter -->
<testsuite hostname="reddy-Inspiron-3542" failures="0" tests="1" name="cucumberWithSelenium.LoginTest" time="3.195" errors="0" timestamp="2023-10-29T18:49:22 IST" skipped="0">
  <testcase classname="cucumberWithSelenium.LoginTest" name="UserLoginTest" time="3.195"/>
</testsuite> <!-- cucumberWithSelenium.LoginTest -->
